<?xml version="1.0" encoding="UTF-8"?>
<testng-results skipped="0" failed="0" total="1" passed="1">
  <reporter-output>
  </reporter-output>
  <suite name="Default suite" duration-ms="17694" started-at="2016-04-15T13:17:08Z" finished-at="2016-04-15T13:17:26Z">
    <groups>
    </groups>
    <test name="Default test" duration-ms="17694" started-at="2016-04-15T13:17:08Z" finished-at="2016-04-15T13:17:26Z">
      <class name="com.spi.testcase.SearchBusesTestCase">
        <test-method status="PASS" signature="testMethod()[pri:0, instance:com.spi.testcase.SearchBusesTestCase@194a8eb]" name="testMethod" duration-ms="17668" started-at="2016-04-15T18:47:08Z" finished-at="2016-04-15T18:47:26Z">
          <reporter-output>
          </reporter-output>
        </test-method> <!-- testMethod -->
      </class> <!-- com.spi.testcase.SearchBusesTestCase -->
    </test> <!-- Default test -->
  </suite> <!-- Default suite -->
</testng-results>
