<?xml version="1.0" encoding="UTF-8"?>
<testng-results skipped="0" failed="1" total="1" passed="0">
  <reporter-output>
  </reporter-output>
  <suite name="Default suite" duration-ms="73986" started-at="2016-09-20T22:27:16Z" finished-at="2016-09-20T22:28:30Z">
    <groups>
    </groups>
    <test name="Default test" duration-ms="73986" started-at="2016-09-20T22:27:16Z" finished-at="2016-09-20T22:28:30Z">
      <class name="com.spi.test.Driver">
        <test-method status="PASS" signature="openApplication()[pri:0, instance:com.spi.test.Driver@3c756e4d]" name="openApplication" is-config="true" duration-ms="70192" started-at="2016-09-21T03:57:16Z" finished-at="2016-09-21T03:58:26Z">
          <reporter-output>
          </reporter-output>
        </test-method> <!-- openApplication -->
        <test-method status="FAIL" signature="testMethod(java.lang.String)[pri:0, instance:com.spi.test.Driver@3c756e4d]" name="testMethod" duration-ms="66" started-at="2016-09-21T03:58:27Z" data-provider="getScenarioName" finished-at="2016-09-21T03:58:27Z">
          <params>
            <param index="0">
              <value>
                <![CDATA[searchbuses]]>
              </value>
            </param>
          </params>
          <exception class="java.lang.NullPointerException">
            <full-stacktrace>
              <![CDATA[java.lang.NullPointerException
	at com.spi.testrunner.TestExecutor.run(TestExecutor.java:24)
	at com.spi.test.Driver.testMethod(Driver.java:85)
	at sun.reflect.NativeMethodAccessorImpl.invoke0(Native Method)
	at sun.reflect.NativeMethodAccessorImpl.invoke(Unknown Source)
	at sun.reflect.DelegatingMethodAccessorImpl.invoke(Unknown Source)
	at java.lang.reflect.Method.invoke(Unknown Source)
	at org.testng.internal.MethodInvocationHelper.invokeMethod(MethodInvocationHelper.java:85)
	at org.testng.internal.Invoker.invokeMethod(Invoker.java:639)
	at org.testng.internal.Invoker.invokeTestMethod(Invoker.java:816)
	at org.testng.internal.Invoker.invokeTestMethods(Invoker.java:1124)
	at org.testng.internal.TestMethodWorker.invokeTestMethods(TestMethodWorker.java:125)
	at org.testng.internal.TestMethodWorker.run(TestMethodWorker.java:108)
	at org.testng.TestRunner.privateRun(TestRunner.java:774)
	at org.testng.TestRunner.run(TestRunner.java:624)
	at org.testng.SuiteRunner.runTest(SuiteRunner.java:359)
	at org.testng.SuiteRunner.runSequentially(SuiteRunner.java:354)
	at org.testng.SuiteRunner.privateRun(SuiteRunner.java:312)
	at org.testng.SuiteRunner.run(SuiteRunner.java:261)
	at org.testng.SuiteRunnerWorker.runSuite(SuiteRunnerWorker.java:52)
	at org.testng.SuiteRunnerWorker.run(SuiteRunnerWorker.java:86)
	at org.testng.TestNG.runSuitesSequentially(TestNG.java:1215)
	at org.testng.TestNG.runSuitesLocally(TestNG.java:1140)
	at org.testng.TestNG.run(TestNG.java:1048)
	at org.testng.remote.AbstractRemoteTestNG.run(AbstractRemoteTestNG.java:126)
	at org.testng.remote.RemoteTestNG.initAndRun(RemoteTestNG.java:152)
	at org.testng.remote.RemoteTestNG.main(RemoteTestNG.java:57)
]]>
            </full-stacktrace>
          </exception> <!-- java.lang.NullPointerException -->
          <reporter-output>
          </reporter-output>
        </test-method> <!-- testMethod -->
        <test-method status="PASS" signature="closeBrowser()[pri:0, instance:com.spi.test.Driver@3c756e4d]" name="closeBrowser" is-config="true" duration-ms="3074" started-at="2016-09-21T03:58:27Z" finished-at="2016-09-21T03:58:30Z">
          <reporter-output>
          </reporter-output>
        </test-method> <!-- closeBrowser -->
      </class> <!-- com.spi.test.Driver -->
    </test> <!-- Default test -->
  </suite> <!-- Default suite -->
</testng-results>
